#
# A fatal error has been detected by the Java Runtime Environment:
#
#  EXCEPTION_ACCESS_VIOLATION (0xc0000005) at pc=0x00007ff8db4a6037, pid=1040, tid=10692
#
# JRE version: Java(TM) SE Runtime Environment (21.0.1+12) (build 21.0.1+12-LTS-29)
# Java VM: Java HotSpot(TM) 64-Bit Server VM (21.0.1+12-LTS-29, mixed mode, sharing, tiered, compressed oops, compressed class ptrs, parallel gc, windows-amd64)
# Problematic frame:
# V  [jvm.dll+0x6a6037]
#
# No core dump will be written. Minidumps are not enabled by default on client versions of Windows
#
# If you would like to submit a bug report, please visit:
#   https://bugreport.java.com/bugreport/crash.jsp
#

---------------  S U M M A R Y ------------

Command Line: --add-modules=ALL-SYSTEM --add-opens=java.base/java.util=ALL-UNNAMED --add-opens=java.base/java.lang=ALL-UNNAMED --add-opens=java.base/sun.nio.fs=ALL-UNNAMED -Declipse.application=org.eclipse.jdt.ls.core.id1 -Dosgi.bundles.defaultStartLevel=4 -Declipse.product=org.eclipse.jdt.ls.core.product -Djava.import.generatesMetadataFilesAtProjectRoot=false -DDetectVMInstallationsJob.disabled=true -Dfile.encoding=utf8 -XX:+UseParallelGC -XX:GCTimeRatio=4 -XX:AdaptiveSizePolicyWeight=90 -Dsun.zip.disableMemoryMapping=true -Xmx1G -Xms100m -Xlog:disable -javaagent:c:\Users\ism_k\.vscode\extensions\redhat.java-1.25.1-win32-x64\lombok\lombok-1.18.30.jar -XX:+HeapDumpOnOutOfMemoryError -XX:HeapDumpPath=c:\Users\ism_k\AppData\Roaming\Code\User\workspaceStorage\9133d1f1a03723552b961ef2503b61f6\redhat.java -Daether.dependencyCollector.impl=bf c:\Users\ism_k\.vscode\extensions\redhat.java-1.25.1-win32-x64\server\plugins\org.eclipse.equinox.launcher_1.6.600.v20231106-1826.jar -configuration c:\Users\ism_k\AppData\Roaming\Code\User\globalStorage\redhat.java\1.25.1\config_win -data c:\Users\ism_k\AppData\Roaming\Code\User\workspaceStorage\9133d1f1a03723552b961ef2503b61f6\redhat.java\jdt_ws --stdio

Host: Intel(R) Core(TM) i7-5600U CPU @ 2.60GHz, 4 cores, 14G,  Windows 10 , 64 bit Build 19041 (10.0.19041.3636)
Time: Sat Dec  9 21:48:16 2023 Pakistan Standard Time elapsed time: 20.517726 seconds (0d 0h 0m 20s)

---------------  T H R E A D  ---------------

Current thread (0x000001dc801348a0):  JavaThread "C2 CompilerThread0" daemon [_thread_in_native, id=10692, stack(0x0000005819700000,0x0000005819800000) (1024K)]


Current CompileTask:
C2:  20517 7144       4       org.eclipse.jdt.internal.compiler.classfmt.MethodInfo::getExceptionTypeNames (16 bytes)

Stack: [0x0000005819700000,0x0000005819800000],  sp=0x00000058197fc260,  free space=1008k
Native frames: (J=compiled Java code, j=interpreted, Vv=VM code, C=native code)
V  [jvm.dll+0x6a6037]
V  [jvm.dll+0x6f0269]
V  [jvm.dll+0x6f25ee]
V  [jvm.dll+0x6f0a93]
V  [jvm.dll+0x252c2b]
V  [jvm.dll+0x24b323]
V  [jvm.dll+0x248fa3]
V  [jvm.dll+0x1c9ca1]
V  [jvm.dll+0x2586b9]
V  [jvm.dll+0x256c9a]
V  [jvm.dll+0x3ef1b6]
V  [jvm.dll+0x7fd728]
V  [jvm.dll+0x6c777d]
C  [ucrtbase.dll+0x21bb2]
C  [KERNEL32.DLL+0x17344]
C  [ntdll.dll+0x526b1]


siginfo: EXCEPTION_ACCESS_VIOLATION (0xc0000005), reading address 0x00007f00db84e6e8


Registers:
RAX=0x000000000000003c, RBX=0x000000001afac6dc, RCX=0x000001dc876fc340, RDX=0x00007f00db84e698
RSP=0x00000058197fc260, RBP=0x0000000000000048, RSI=0x000001dc88af06a0, RDI=0x000000001afac71a
R8 =0x000000000000000c, R9 =0x00000000000007d2, R10=0x0000000000000fff, R11=0x000001dc876f8f30
R12=0x0000000000000000, R13=0x000001dc86cd70a8, R14=0x0000000000000240, R15=0x000001dc88236458
RIP=0x00007ff8db4a6037, EFLAGS=0x0000000000010202


Register to memory mapping:

RAX=0x000000000000003c is an unknown value
RBX=0x000000001afac6dc is an unknown value
RCX=0x000001dc876fc340 points into unknown readable memory: 0x00007ff8db84e698 | 98 e6 84 db f8 7f 00 00
RDX=0x00007f00db84e698 is an unknown value
RSP=0x00000058197fc260 is pointing into the stack for thread: 0x000001dc801348a0
RBP=0x0000000000000048 is an unknown value
RSI=0x000001dc88af06a0 points into unknown readable memory: 0x00007ff8db7a8278 | 78 82 7a db f8 7f 00 00
RDI=0x000000001afac71a is an unknown value
R8 =0x000000000000000c is an unknown value
R9 =0x00000000000007d2 is an unknown value
R10=0x0000000000000fff is an unknown value
R11=0x000001dc876f8f30 points into unknown readable memory: 0x00007ff8db84da80 | 80 da 84 db f8 7f 00 00
R12=0x0 is null
R13=0x000001dc86cd70a8 points into unknown readable memory: 0x20fa9c6a753bff2d | 2d ff 3b 75 6a 9c fa 20
R14=0x0000000000000240 is an unknown value
R15=0x000001dc88236458 points into unknown readable memory: 0x00007ff8db71ada8 | a8 ad 71 db f8 7f 00 00

Top of Stack: (sp=0x00000058197fc260)
0x00000058197fc260:   000001dc86b19a48 00007ff8db4f03eb
0x00000058197fc270:   000001dc86b198f8 0000000000000000
0x00000058197fc280:   000001dc87440918 00007ff8db4f0269
0x00000058197fc290:   000001dc88af06a0 00000058197fc660
0x00000058197fc2a0:   000001dc86cd70a8 0000000000000000
0x00000058197fc2b0:   00000058197fc660 00007ff8db4f25ee
0x00000058197fc2c0:   000001dc88af06a0 000001dc86b19a48
0x00000058197fc2d0:   0000000000000047 00000058197fc660
0x00000058197fc2e0:   00000058197fc660 00007ff8db4f0a93
0x00000058197fc2f0:   00000058197fe610 000001dc88af06a0
0x00000058197fc300:   00000058197fc660 000001dc86ccf0c0
0x00000058197fc310:   000001dc80134f80 000001dc86ccf0c0
0x00000058197fc320:   000001dc80134fd0 00007ff8db052c2b
0x00000058197fc330:   00000058197fc660 0000000000000000
0x00000058197fc340:   000001dc8011bf20 000001dc86cd2108
0x00000058197fc350:   00007ff8db7b8ae0 000000580000000e
0x00000058197fc360:   00000058197fe610 000001dc8011bf20
0x00000058197fc370:   0000005800001000 000001dc85dfa500
0x00000058197fc380:   0000000000000000 00000058197fc660
0x00000058197fc390:   000001dc86cd6180 000001dc88664b90
0x00000058197fc3a0:   00000002000007d9 0000000000000000
0x00000058197fc3b0:   0000000000000000 000001dc8011bf20
0x00000058197fc3c0:   0000000000000008 000001dc91759480
0x00000058197fc3d0:   000001dc00000000 000001dc8011bf20
0x00000058197fc3e0:   0000005800000004 000001dc86cd2148
0x00000058197fc3f0:   0000000000000000 00000800000007d3
0x00000058197fc400:   000001dc91751ba0 0000000000000000
0x00000058197fc410:   0000100000000000 000001dc923c6210
0x00000058197fc420:   000001dc859da340 0000000000000000
0x00000058197fc430:   0000000000000000 00000000ffffffff
0x00000058197fc440:   0000000000000000 00007ff8db7b97c0
0x00000058197fc450:   000001dc80134f80 000001dc80134fd0 

Instructions: (pc=0x00007ff8db4a6037)
0x00007ff8db4a5f37:   5c 24 30 48 8b 74 24 38 48 83 c4 20 5f c3 48 8b
0x00007ff8db4a5f47:   03 48 8b cb ff 10 3b c6 0f 85 20 ff ff ff 48 8b
0x00007ff8db4a5f57:   43 08 48 39 78 10 0f 85 12 ff ff ff b0 01 48 8b
0x00007ff8db4a5f67:   5c 24 30 48 8b 74 24 38 48 83 c4 20 5f c3 48 8b
0x00007ff8db4a5f77:   03 48 8b cb ff 10 48 8b 5c 24 30 3d d5 00 00 00
0x00007ff8db4a5f87:   48 8b 74 24 38 0f 94 c0 48 83 c4 20 5f c3 cc cc
0x00007ff8db4a5f97:   cc cc cc cc cc cc cc cc cc 48 89 5c 24 08 57 48
0x00007ff8db4a5fa7:   83 ec 20 48 8b f9 33 db 8b 49 18 85 c9 74 18 48
0x00007ff8db4a5fb7:   8b 47 08 8b d1 0f 1f 40 00 03 db 2b 18 48 8d 40
0x00007ff8db4a5fc7:   08 48 83 ea 01 75 f2 48 8b 07 48 8b cf ff 10 c1
0x00007ff8db4a5fd7:   eb 02 03 c3 48 8b 5c 24 30 03 47 18 48 83 c4 20
0x00007ff8db4a5fe7:   5f c3 cc cc cc cc cc cc cc 48 89 5c 24 08 48 89
0x00007ff8db4a5ff7:   74 24 10 57 48 83 ec 20 48 8b f1 33 db 8b 49 18
0x00007ff8db4a6007:   85 c9 74 14 48 8b 46 08 8b d1 03 db 2b 18 48 8d
0x00007ff8db4a6017:   40 08 48 83 ea 01 75 f2 48 8b 06 48 8b ce ff 10
0x00007ff8db4a6027:   48 8b 4e 38 c1 eb 02 48 8b 11 8d 3c 03 03 7e 18
0x00007ff8db4a6037:   ff 52 50 48 8b 5c 24 30 03 c7 48 8b 74 24 38 48
0x00007ff8db4a6047:   83 c4 20 5f c3 cc cc cc cc 48 83 ec 28 ba bf 0a
0x00007ff8db4a6057:   00 00 48 8d 0d 58 19 38 00 e8 6b aa bd ff cc cc
0x00007ff8db4a6067:   cc cc cc cc cc cc cc cc cc 48 89 5c 24 08 48 89
0x00007ff8db4a6077:   74 24 10 57 48 83 ec 20 8b f2 49 8b f8 33 d2 48
0x00007ff8db4a6087:   8b d9 e8 02 e5 ff ff 8b 43 18 2b c6 83 e8 01 74
0x00007ff8db4a6097:   3c 4c 8b 4b 08 44 8d 46 01 49 ff c8 44 8b d0 4d
0x00007ff8db4a60a7:   03 c2 48 8d 56 ff 49 03 d2 4f 8d 04 c1 49 8d 14
0x00007ff8db4a60b7:   d1 85 c0 74 18 0f 1f 40 00 48 8b 02 48 8d 52 f8
0x00007ff8db4a60c7:   49 89 00 4d 8d 40 f8 49 83 ea 01 75 ec 48 8b 43
0x00007ff8db4a60d7:   08 48 89 3c f0 48 85 ff 74 0b 48 8b d3 48 8b cf
0x00007ff8db4a60e7:   e8 74 54 9e ff 8b 0d 36 3e 5c 00 65 48 8b 04 25
0x00007ff8db4a60f7:   58 00 00 00 ba 70 00 00 00 48 8b 04 c8 80 3c 02
0x00007ff8db4a6107:   00 75 05 e8 f1 e8 24 00 48 8b 5c 24 30 48 8b 74
0x00007ff8db4a6117:   24 38 48 83 c4 20 5f c3 cc 48 89 5c 24 08 48 89
0x00007ff8db4a6127:   74 24 10 57 48 83 ec 20 48 8b 41 10 49 8b f8 8b 


Stack slot to memory mapping:

stack at sp + 0 slots: 0x000001dc86b19a48 points into unknown readable memory: 0x00007ff8db78c158 | 58 c1 78 db f8 7f 00 00
stack at sp + 1 slots: 0x00007ff8db4f03eb jvm.dll
stack at sp + 2 slots: 0x000001dc86b198f8 points into unknown readable memory: 0x00007ff8db7942a0 | a0 42 79 db f8 7f 00 00
stack at sp + 3 slots: 0x0 is null
stack at sp + 4 slots: 0x000001dc87440918 points into unknown readable memory: 0x00000058197fe740 | 40 e7 7f 19 58 00 00 00
stack at sp + 5 slots: 0x00007ff8db4f0269 jvm.dll
stack at sp + 6 slots: 0x000001dc88af06a0 points into unknown readable memory: 0x00007ff8db7a8278 | 78 82 7a db f8 7f 00 00
stack at sp + 7 slots: 0x00000058197fc660 is pointing into the stack for thread: 0x000001dc801348a0


---------------  P R O C E S S  ---------------

Threads class SMR info:
_java_thread_list=0x000001dc86781e50, length=30, elements={
0x000001dc238e4ab0, 0x000001dc80126700, 0x000001dc80129f80, 0x000001dc8012c800,
0x000001dc8012da80, 0x000001dc801305c0, 0x000001dc80131e40, 0x000001dc801348a0,
0x000001dc801a1b20, 0x000001dc25b2dad0, 0x000001dc8527ba40, 0x000001dc85e8ce90,
0x000001dc85995fe0, 0x000001dc85b99070, 0x000001dc858e0320, 0x000001dc8610a050,
0x000001dc85ef3710, 0x000001dc8640a7c0, 0x000001dc86408060, 0x000001dc864086f0,
0x000001dc86408d80, 0x000001dc86409410, 0x000001dc8640ae50, 0x000001dc86409aa0,
0x000001dc8640b4e0, 0x000001dc8640a130, 0x000001dc86a790a0, 0x000001dc86a79730,
0x000001dc86a7b170, 0x000001dc91729030
}

Java Threads: ( => current thread )
  0x000001dc238e4ab0 JavaThread "main"                              [_thread_blocked, id=10104, stack(0x0000005818d00000,0x0000005818e00000) (1024K)]
  0x000001dc80126700 JavaThread "Reference Handler"          daemon [_thread_blocked, id=2324, stack(0x0000005819100000,0x0000005819200000) (1024K)]
  0x000001dc80129f80 JavaThread "Finalizer"                  daemon [_thread_blocked, id=4816, stack(0x0000005819200000,0x0000005819300000) (1024K)]
  0x000001dc8012c800 JavaThread "Signal Dispatcher"          daemon [_thread_blocked, id=10756, stack(0x0000005819300000,0x0000005819400000) (1024K)]
  0x000001dc8012da80 JavaThread "Attach Listener"            daemon [_thread_blocked, id=10696, stack(0x0000005819400000,0x0000005819500000) (1024K)]
  0x000001dc801305c0 JavaThread "Service Thread"             daemon [_thread_blocked, id=4584, stack(0x0000005819500000,0x0000005819600000) (1024K)]
  0x000001dc80131e40 JavaThread "Monitor Deflation Thread"   daemon [_thread_blocked, id=5568, stack(0x0000005819600000,0x0000005819700000) (1024K)]
=>0x000001dc801348a0 JavaThread "C2 CompilerThread0"         daemon [_thread_in_native, id=10692, stack(0x0000005819700000,0x0000005819800000) (1024K)]
  0x000001dc801a1b20 JavaThread "C1 CompilerThread0"         daemon [_thread_blocked, id=9580, stack(0x0000005819800000,0x0000005819900000) (1024K)]
  0x000001dc25b2dad0 JavaThread "Common-Cleaner"             daemon [_thread_blocked, id=11184, stack(0x0000005819900000,0x0000005819a00000) (1024K)]
  0x000001dc8527ba40 JavaThread "Notification Thread"        daemon [_thread_blocked, id=4972, stack(0x0000005819a00000,0x0000005819b00000) (1024K)]
  0x000001dc85e8ce90 JavaThread "Active Thread: Equinox Container: 90c2491e-1152-4cd7-9281-9cd97242e16a"        [_thread_blocked, id=1684, stack(0x0000005819f00000,0x000000581a000000) (1024K)]
  0x000001dc85995fe0 JavaThread "Framework Event Dispatcher: Equinox Container: 90c2491e-1152-4cd7-9281-9cd97242e16a" daemon [_thread_blocked, id=10320, stack(0x000000581a000000,0x000000581a100000) (1024K)]
  0x000001dc85b99070 JavaThread "Start Level: Equinox Container: 90c2491e-1152-4cd7-9281-9cd97242e16a" daemon [_thread_blocked, id=4932, stack(0x000000581a100000,0x000000581a200000) (1024K)]
  0x000001dc858e0320 JavaThread "Bundle File Closer"         daemon [_thread_blocked, id=9544, stack(0x000000581a200000,0x000000581a300000) (1024K)]
  0x000001dc8610a050 JavaThread "SCR Component Actor"        daemon [_thread_blocked, id=11152, stack(0x000000581a300000,0x000000581a400000) (1024K)]
  0x000001dc85ef3710 JavaThread "Worker-JM"                         [_thread_blocked, id=8012, stack(0x000000581a500000,0x000000581a600000) (1024K)]
  0x000001dc8640a7c0 JavaThread "Worker-0"                          [_thread_blocked, id=4164, stack(0x000000581a600000,0x000000581a700000) (1024K)]
  0x000001dc86408060 JavaThread "Worker-1"                          [_thread_blocked, id=9540, stack(0x000000581a400000,0x000000581a500000) (1024K)]
  0x000001dc864086f0 JavaThread "Worker-2: Initialize workspace"        [_thread_blocked, id=7880, stack(0x000000581a700000,0x000000581a800000) (1024K)]
  0x000001dc86408d80 JavaThread "Worker-3"                          [_thread_blocked, id=8420, stack(0x000000581a800000,0x000000581a900000) (1024K)]
  0x000001dc86409410 JavaThread "Java indexing"              daemon [_thread_in_vm, id=10072, stack(0x000000581aa00000,0x000000581ab00000) (1024K)]
  0x000001dc8640ae50 JavaThread "Worker-4"                          [_thread_blocked, id=3304, stack(0x000000581ab00000,0x000000581ac00000) (1024K)]
  0x000001dc86409aa0 JavaThread "JNA Cleaner"                daemon [_thread_blocked, id=5292, stack(0x000000581ac00000,0x000000581ad00000) (1024K)]
  0x000001dc8640b4e0 JavaThread "pool-2-thread-1"                   [_thread_blocked, id=964, stack(0x000000581af00000,0x000000581b000000) (1024K)]
  0x000001dc8640a130 JavaThread "Worker-5"                          [_thread_blocked, id=3044, stack(0x0000005819b00000,0x0000005819c00000) (1024K)]
  0x000001dc86a790a0 JavaThread "WorkspaceEventsHandler"            [_thread_blocked, id=10356, stack(0x000000581b000000,0x000000581b100000) (1024K)]
  0x000001dc86a79730 JavaThread "pool-1-thread-1"                   [_thread_in_vm, id=5280, stack(0x000000581b100000,0x000000581b200000) (1024K)]
  0x000001dc86a7b170 JavaThread "Worker-6"                          [_thread_blocked, id=3052, stack(0x000000581b200000,0x000000581b300000) (1024K)]
  0x000001dc91729030 JavaThread "C2 CompilerThread1"         daemon [_thread_blocked, id=10340, stack(0x000000581a900000,0x000000581aa00000) (1024K)]
Total: 30

Other Threads:
  0x000001dc80109870 VMThread "VM Thread"                           [id=3752, stack(0x0000005819000000,0x0000005819100000) (1024K)]
  0x000001dc80081b00 WatcherThread "VM Periodic Task Thread"        [id=9556, stack(0x0000005818f00000,0x0000005819000000) (1024K)]
  0x000001dc25a83b60 WorkerThread "GC Thread#0"                     [id=9532, stack(0x0000005818e00000,0x0000005818f00000) (1024K)]
  0x000001dc857fde60 WorkerThread "GC Thread#1"                     [id=5160, stack(0x0000005819c00000,0x0000005819d00000) (1024K)]
  0x000001dc855e9480 WorkerThread "GC Thread#2"                     [id=5600, stack(0x0000005819d00000,0x0000005819e00000) (1024K)]
  0x000001dc855e9820 WorkerThread "GC Thread#3"                     [id=11096, stack(0x0000005819e00000,0x0000005819f00000) (1024K)]
Total: 6

Threads with active compile tasks:
C2 CompilerThread0    20625 7144       4       org.eclipse.jdt.internal.compiler.classfmt.MethodInfo::getExceptionTypeNames (16 bytes)
Total: 1

VM state: not at safepoint (normal execution)

VM Mutex/Monitor currently owned by a thread: None

Heap address: 0x00000000c0000000, size: 1024 MB, Compressed Oops mode: 32-bit

CDS archive(s) mapped at: [0x000001dc3f000000-0x000001dc3fc90000-0x000001dc3fc90000), size 13172736, SharedBaseAddress: 0x000001dc3f000000, ArchiveRelocationMode: 1.
Compressed class space mapped at: 0x000001dc40000000-0x000001dc80000000, reserved size: 1073741824
Narrow klass base: 0x000001dc3f000000, Narrow klass shift: 0, Narrow klass range: 0x100000000

GC Precious Log:
 CardTable entry size: 512
 CPUs: 4 total, 4 available
 Memory: 14987M
 Large Page Support: Disabled
 NUMA Support: Disabled
 Compressed Oops: Enabled (32-bit)
 Alignments: Space 512K, Generation 512K, Heap 2M
 Heap Min Capacity: 100M
 Heap Initial Capacity: 100M
 Heap Max Capacity: 1G
 Pre-touch: Disabled
 Parallel Workers: 4

Heap:
 PSYoungGen      total 22016K, used 18540K [0x00000000eab00000, 0x00000000ec380000, 0x0000000100000000)
  eden space 20480K, 83% used [0x00000000eab00000,0x00000000ebba7458,0x00000000ebf00000)
  from space 1536K, 96% used [0x00000000ec100000,0x00000000ec273f98,0x00000000ec280000)
  to   space 2048K, 0% used [0x00000000ebf00000,0x00000000ebf00000,0x00000000ec100000)
 ParOldGen       total 68608K, used 39142K [0x00000000c0000000, 0x00000000c4300000, 0x00000000eab00000)
  object space 68608K, 57% used [0x00000000c0000000,0x00000000c2639b48,0x00000000c4300000)
 Metaspace       used 54961K, committed 56256K, reserved 1114112K
  class space    used 5787K, committed 6336K, reserved 1048576K

Card table byte_map: [0x000001dc25420000,0x000001dc25630000] _byte_map_base: 0x000001dc24e20000

Marking Bits: (ParMarkBitMap*) 0x00007ff8dba3f550
 Begin Bits: [0x000001dc3ced0000, 0x000001dc3ded0000)
 End Bits:   [0x000001dc3ded0000, 0x000001dc3eed0000)

Polling page: 0x000001dc23820000

Metaspace:

Usage:
  Non-class:     48.02 MB used.
      Class:      5.65 MB used.
       Both:     53.67 MB used.

Virtual space:
  Non-class space:       64.00 MB reserved,      48.75 MB ( 76%) committed,  1 nodes.
      Class space:        1.00 GB reserved,       6.19 MB ( <1%) committed,  1 nodes.
             Both:        1.06 GB reserved,      54.94 MB (  5%) committed. 

Chunk freelists:
   Non-Class:  14.61 MB
       Class:  9.72 MB
        Both:  24.33 MB

MaxMetaspaceSize: unlimited
CompressedClassSpaceSize: 1.00 GB
Initial GC threshold: 21.00 MB
Current GC threshold: 58.38 MB
CDS: on
 - commit_granule_bytes: 65536.
 - commit_granule_words: 8192.
 - virtual_space_node_default_size: 8388608.
 - enlarge_chunks_in_place: 1.
 - use_allocation_guard: 0.


Internal statistics:

num_allocs_failed_limit: 6.
num_arena_births: 774.
num_arena_deaths: 14.
num_vsnodes_births: 2.
num_vsnodes_deaths: 0.
num_space_committed: 879.
num_space_uncommitted: 0.
num_chunks_returned_to_freelist: 20.
num_chunks_taken_from_freelist: 3181.
num_chunk_merges: 11.
num_chunk_splits: 2028.
num_chunks_enlarged: 1215.
num_inconsistent_stats: 0.

CodeHeap 'non-profiled nmethods': size=120000Kb used=4112Kb max_used=4112Kb free=115887Kb
 bounds [0x000001dc359a0000, 0x000001dc35db0000, 0x000001dc3ced0000]
CodeHeap 'profiled nmethods': size=120000Kb used=14968Kb max_used=14968Kb free=105031Kb
 bounds [0x000001dc2ded0000, 0x000001dc2ed70000, 0x000001dc35400000]
CodeHeap 'non-nmethods': size=5760Kb used=1415Kb max_used=1482Kb free=4344Kb
 bounds [0x000001dc35400000, 0x000001dc35670000, 0x000001dc359a0000]
 total_blobs=7391 nmethods=6663 adapters=634
 compilation: enabled
              stopped_count=0, restarted_count=0
 full_count=0

Compilation events (20 events):
Event: 20.445 Thread 0x000001dc801a1b20 nmethod 7129 0x000001dc2ed3e810 code [0x000001dc2ed3e9e0, 0x000001dc2ed3ed80]
Event: 20.445 Thread 0x000001dc91729030 7130       4       org.eclipse.jdt.internal.compiler.classfmt.MethodInfo::isConstructor (8 bytes)
Event: 20.445 Thread 0x000001dc801a1b20 7131       3       java.lang.invoke.MethodHandles::insertArguments (98 bytes)
Event: 20.446 Thread 0x000001dc801a1b20 nmethod 7131 0x000001dc2ed3ef10 code [0x000001dc2ed3f1a0, 0x000001dc2ed3fcc0]
Event: 20.446 Thread 0x000001dc801a1b20 7132       3       java.lang.invoke.MethodHandles::insertArgumentsChecks (51 bytes)
Event: 20.447 Thread 0x000001dc801a1b20 nmethod 7132 0x000001dc2ed40190 code [0x000001dc2ed40380, 0x000001dc2ed40880]
Event: 20.453 Thread 0x000001dc91729030 nmethod 7130 0x000001dc35d9d990 code [0x000001dc35d9db60, 0x000001dc35d9e078]
Event: 20.456 Thread 0x000001dc91729030 7133       4       org.eclipse.jdt.internal.compiler.classfmt.MethodInfo::createMethod (713 bytes)
Event: 20.488 Thread 0x000001dc801348a0 7136       4       java.lang.ThreadLocal$ThreadLocalMap::getEntryAfterMiss (59 bytes)
Event: 20.491 Thread 0x000001dc801348a0 nmethod 7136 0x000001dc35d9e410 code [0x000001dc35d9e5a0, 0x000001dc35d9e6e8]
Event: 20.491 Thread 0x000001dc801348a0 7137       4       org.eclipse.jdt.internal.core.JavaElement::<init> (10 bytes)
Event: 20.493 Thread 0x000001dc801348a0 nmethod 7137 0x000001dc35d9e810 code [0x000001dc35d9e9a0, 0x000001dc35d9ea98]
Event: 20.493 Thread 0x000001dc801348a0 7144       4       org.eclipse.jdt.internal.compiler.classfmt.MethodInfo::getExceptionTypeNames (16 bytes)
Event: 20.493 Thread 0x000001dc91729030 nmethod 7133 0x000001dc35d9eb90 code [0x000001dc35d9ee20, 0x000001dc35da07d0]
Event: 20.497 Thread 0x000001dc91729030 7150       4       org.eclipse.jdt.internal.compiler.classfmt.MethodInfo::getGenericSignature (46 bytes)
Event: 20.499 Thread 0x000001dc91729030 nmethod 7150 0x000001dc35da1510 code [0x000001dc35da16a0, 0x000001dc35da1830]
Event: 20.501 Thread 0x000001dc801a1b20 7148       3       java.util.HashMap::putVal (300 bytes)
Event: 20.503 Thread 0x000001dc801a1b20 nmethod 7148 0x000001dc2ed40a90 code [0x000001dc2ed40d40, 0x000001dc2ed41ed0]
Event: 20.503 Thread 0x000001dc801a1b20 7140       3       java.util.HashMap::put (13 bytes)
Event: 20.503 Thread 0x000001dc91729030 7153       4       org.eclipse.jdt.core.compiler.CharOperation::indexOf (7 bytes)

GC Heap History (20 events):
Event: 15.765 GC heap before
{Heap before GC invocations=21 (full 2):
 PSYoungGen      total 23552K, used 23360K [0x00000000eab00000, 0x00000000ec480000, 0x0000000100000000)
  eden space 22016K, 100% used [0x00000000eab00000,0x00000000ec080000,0x00000000ec080000)
  from space 1536K, 87% used [0x00000000ec300000,0x00000000ec450000,0x00000000ec480000)
  to   space 1536K, 0% used [0x00000000ec080000,0x00000000ec080000,0x00000000ec200000)
 ParOldGen       total 68608K, used 23305K [0x00000000c0000000, 0x00000000c4300000, 0x00000000eab00000)
  object space 68608K, 33% used [0x00000000c0000000,0x00000000c16c24d8,0x00000000c4300000)
 Metaspace       used 45823K, committed 46912K, reserved 1114112K
  class space    used 4880K, committed 5376K, reserved 1048576K
}
Event: 15.770 GC heap after
{Heap after GC invocations=21 (full 2):
 PSYoungGen      total 23552K, used 1526K [0x00000000eab00000, 0x00000000ec880000, 0x0000000100000000)
  eden space 22016K, 0% used [0x00000000eab00000,0x00000000eab00000,0x00000000ec080000)
  from space 1536K, 99% used [0x00000000ec080000,0x00000000ec1fd998,0x00000000ec200000)
  to   space 4096K, 0% used [0x00000000ec480000,0x00000000ec480000,0x00000000ec880000)
 ParOldGen       total 68608K, used 25211K [0x00000000c0000000, 0x00000000c4300000, 0x00000000eab00000)
  object space 68608K, 36% used [0x00000000c0000000,0x00000000c189edd0,0x00000000c4300000)
 Metaspace       used 45823K, committed 46912K, reserved 1114112K
  class space    used 4880K, committed 5376K, reserved 1048576K
}
Event: 15.875 GC heap before
{Heap before GC invocations=22 (full 2):
 PSYoungGen      total 23552K, used 23542K [0x00000000eab00000, 0x00000000ec880000, 0x0000000100000000)
  eden space 22016K, 100% used [0x00000000eab00000,0x00000000ec080000,0x00000000ec080000)
  from space 1536K, 99% used [0x00000000ec080000,0x00000000ec1fd998,0x00000000ec200000)
  to   space 4096K, 0% used [0x00000000ec480000,0x00000000ec480000,0x00000000ec880000)
 ParOldGen       total 68608K, used 25211K [0x00000000c0000000, 0x00000000c4300000, 0x00000000eab00000)
  object space 68608K, 36% used [0x00000000c0000000,0x00000000c189edd0,0x00000000c4300000)
 Metaspace       used 45824K, committed 46912K, reserved 1114112K
  class space    used 4880K, committed 5376K, reserved 1048576K
}
Event: 15.880 GC heap after
{Heap after GC invocations=22 (full 2):
 PSYoungGen      total 24064K, used 1984K [0x00000000eab00000, 0x00000000ec680000, 0x0000000100000000)
  eden space 22016K, 0% used [0x00000000eab00000,0x00000000eab00000,0x00000000ec080000)
  from space 2048K, 96% used [0x00000000ec480000,0x00000000ec670000,0x00000000ec680000)
  to   space 2560K, 0% used [0x00000000ec180000,0x00000000ec180000,0x00000000ec400000)
 ParOldGen       total 68608K, used 26744K [0x00000000c0000000, 0x00000000c4300000, 0x00000000eab00000)
  object space 68608K, 38% used [0x00000000c0000000,0x00000000c1a1e1f8,0x00000000c4300000)
 Metaspace       used 45824K, committed 46912K, reserved 1114112K
  class space    used 4880K, committed 5376K, reserved 1048576K
}
Event: 15.978 GC heap before
{Heap before GC invocations=23 (full 2):
 PSYoungGen      total 24064K, used 24000K [0x00000000eab00000, 0x00000000ec680000, 0x0000000100000000)
  eden space 22016K, 100% used [0x00000000eab00000,0x00000000ec080000,0x00000000ec080000)
  from space 2048K, 96% used [0x00000000ec480000,0x00000000ec670000,0x00000000ec680000)
  to   space 2560K, 0% used [0x00000000ec180000,0x00000000ec180000,0x00000000ec400000)
 ParOldGen       total 68608K, used 26744K [0x00000000c0000000, 0x00000000c4300000, 0x00000000eab00000)
  object space 68608K, 38% used [0x00000000c0000000,0x00000000c1a1e1f8,0x00000000c4300000)
 Metaspace       used 45871K, committed 46976K, reserved 1114112K
  class space    used 4883K, committed 5376K, reserved 1048576K
}
Event: 15.984 GC heap after
{Heap after GC invocations=23 (full 2):
 PSYoungGen      total 24576K, used 2286K [0x00000000eab00000, 0x00000000ec580000, 0x0000000100000000)
  eden space 22016K, 0% used [0x00000000eab00000,0x00000000eab00000,0x00000000ec080000)
  from space 2560K, 89% used [0x00000000ec180000,0x00000000ec3bb8b8,0x00000000ec400000)
  to   space 1536K, 0% used [0x00000000ec400000,0x00000000ec400000,0x00000000ec580000)
 ParOldGen       total 68608K, used 28656K [0x00000000c0000000, 0x00000000c4300000, 0x00000000eab00000)
  object space 68608K, 41% used [0x00000000c0000000,0x00000000c1bfc1f8,0x00000000c4300000)
 Metaspace       used 45871K, committed 46976K, reserved 1114112K
  class space    used 4883K, committed 5376K, reserved 1048576K
}
Event: 16.060 GC heap before
{Heap before GC invocations=24 (full 2):
 PSYoungGen      total 24576K, used 24302K [0x00000000eab00000, 0x00000000ec580000, 0x0000000100000000)
  eden space 22016K, 100% used [0x00000000eab00000,0x00000000ec080000,0x00000000ec080000)
  from space 2560K, 89% used [0x00000000ec180000,0x00000000ec3bb8b8,0x00000000ec400000)
  to   space 1536K, 0% used [0x00000000ec400000,0x00000000ec400000,0x00000000ec580000)
 ParOldGen       total 68608K, used 28656K [0x00000000c0000000, 0x00000000c4300000, 0x00000000eab00000)
  object space 68608K, 41% used [0x00000000c0000000,0x00000000c1bfc1f8,0x00000000c4300000)
 Metaspace       used 45877K, committed 46976K, reserved 1114112K
  class space    used 4884K, committed 5376K, reserved 1048576K
}
Event: 16.068 GC heap after
{Heap after GC invocations=24 (full 2):
 PSYoungGen      total 22528K, used 1536K [0x00000000eab00000, 0x00000000ec980000, 0x0000000100000000)
  eden space 20992K, 0% used [0x00000000eab00000,0x00000000eab00000,0x00000000ebf80000)
  from space 1536K, 100% used [0x00000000ec400000,0x00000000ec580000,0x00000000ec580000)
  to   space 4608K, 0% used [0x00000000ebf80000,0x00000000ebf80000,0x00000000ec400000)
 ParOldGen       total 68608K, used 31148K [0x00000000c0000000, 0x00000000c4300000, 0x00000000eab00000)
  object space 68608K, 45% used [0x00000000c0000000,0x00000000c1e6b268,0x00000000c4300000)
 Metaspace       used 45877K, committed 46976K, reserved 1114112K
  class space    used 4884K, committed 5376K, reserved 1048576K
}
Event: 16.468 GC heap before
{Heap before GC invocations=25 (full 2):
 PSYoungGen      total 22528K, used 22528K [0x00000000eab00000, 0x00000000ec980000, 0x0000000100000000)
  eden space 20992K, 100% used [0x00000000eab00000,0x00000000ebf80000,0x00000000ebf80000)
  from space 1536K, 100% used [0x00000000ec400000,0x00000000ec580000,0x00000000ec580000)
  to   space 4608K, 0% used [0x00000000ebf80000,0x00000000ebf80000,0x00000000ec400000)
 ParOldGen       total 68608K, used 31148K [0x00000000c0000000, 0x00000000c4300000, 0x00000000eab00000)
  object space 68608K, 45% used [0x00000000c0000000,0x00000000c1e6b268,0x00000000c4300000)
 Metaspace       used 47596K, committed 48704K, reserved 1114112K
  class space    used 5046K, committed 5504K, reserved 1048576K
}
Event: 16.472 GC heap after
{Heap after GC invocations=25 (full 2):
 PSYoungGen      total 23552K, used 2272K [0x00000000eab00000, 0x00000000ec580000, 0x0000000100000000)
  eden space 20992K, 0% used [0x00000000eab00000,0x00000000eab00000,0x00000000ebf80000)
  from space 2560K, 88% used [0x00000000ebf80000,0x00000000ec1b82e8,0x00000000ec200000)
  to   space 3072K, 0% used [0x00000000ec280000,0x00000000ec280000,0x00000000ec580000)
 ParOldGen       total 68608K, used 32687K [0x00000000c0000000, 0x00000000c4300000, 0x00000000eab00000)
  object space 68608K, 47% used [0x00000000c0000000,0x00000000c1febe40,0x00000000c4300000)
 Metaspace       used 47596K, committed 48704K, reserved 1114112K
  class space    used 5046K, committed 5504K, reserved 1048576K
}
Event: 17.141 GC heap before
{Heap before GC invocations=26 (full 2):
 PSYoungGen      total 23552K, used 23264K [0x00000000eab00000, 0x00000000ec580000, 0x0000000100000000)
  eden space 20992K, 100% used [0x00000000eab00000,0x00000000ebf80000,0x00000000ebf80000)
  from space 2560K, 88% used [0x00000000ebf80000,0x00000000ec1b82e8,0x00000000ec200000)
  to   space 3072K, 0% used [0x00000000ec280000,0x00000000ec280000,0x00000000ec580000)
 ParOldGen       total 68608K, used 32687K [0x00000000c0000000, 0x00000000c4300000, 0x00000000eab00000)
  object space 68608K, 47% used [0x00000000c0000000,0x00000000c1febe40,0x00000000c4300000)
 Metaspace       used 48350K, committed 49472K, reserved 1114112K
  class space    used 5157K, committed 5632K, reserved 1048576K
}
Event: 17.147 GC heap after
{Heap after GC invocations=26 (full 2):
 PSYoungGen      total 23040K, used 1788K [0x00000000eab00000, 0x00000000ec480000, 0x0000000100000000)
  eden space 20992K, 0% used [0x00000000eab00000,0x00000000eab00000,0x00000000ebf80000)
  from space 2048K, 87% used [0x00000000ec280000,0x00000000ec43f010,0x00000000ec480000)
  to   space 2560K, 0% used [0x00000000ebf80000,0x00000000ebf80000,0x00000000ec200000)
 ParOldGen       total 68608K, used 34844K [0x00000000c0000000, 0x00000000c4300000, 0x00000000eab00000)
  object space 68608K, 50% used [0x00000000c0000000,0x00000000c22070a8,0x00000000c4300000)
 Metaspace       used 48350K, committed 49472K, reserved 1114112K
  class space    used 5157K, committed 5632K, reserved 1048576K
}
Event: 18.288 GC heap before
{Heap before GC invocations=27 (full 2):
 PSYoungGen      total 23040K, used 22754K [0x00000000eab00000, 0x00000000ec480000, 0x0000000100000000)
  eden space 20992K, 99% used [0x00000000eab00000,0x00000000ebf79878,0x00000000ebf80000)
  from space 2048K, 87% used [0x00000000ec280000,0x00000000ec43f010,0x00000000ec480000)
  to   space 2560K, 0% used [0x00000000ebf80000,0x00000000ebf80000,0x00000000ec200000)
 ParOldGen       total 68608K, used 34844K [0x00000000c0000000, 0x00000000c4300000, 0x00000000eab00000)
  object space 68608K, 50% used [0x00000000c0000000,0x00000000c22070a8,0x00000000c4300000)
 Metaspace       used 49531K, committed 50624K, reserved 1114112K
  class space    used 5253K, committed 5760K, reserved 1048576K
}
Event: 18.292 GC heap after
{Heap after GC invocations=27 (full 2):
 PSYoungGen      total 23552K, used 2278K [0x00000000eab00000, 0x00000000ec480000, 0x0000000100000000)
  eden space 20992K, 0% used [0x00000000eab00000,0x00000000eab00000,0x00000000ebf80000)
  from space 2560K, 88% used [0x00000000ebf80000,0x00000000ec1b9928,0x00000000ec200000)
  to   space 2560K, 0% used [0x00000000ec200000,0x00000000ec200000,0x00000000ec480000)
 ParOldGen       total 68608K, used 36534K [0x00000000c0000000, 0x00000000c4300000, 0x00000000eab00000)
  object space 68608K, 53% used [0x00000000c0000000,0x00000000c23adbd0,0x00000000c4300000)
 Metaspace       used 49531K, committed 50624K, reserved 1114112K
  class space    used 5253K, committed 5760K, reserved 1048576K
}
Event: 18.620 GC heap before
{Heap before GC invocations=28 (full 2):
 PSYoungGen      total 23552K, used 23270K [0x00000000eab00000, 0x00000000ec480000, 0x0000000100000000)
  eden space 20992K, 100% used [0x00000000eab00000,0x00000000ebf80000,0x00000000ebf80000)
  from space 2560K, 88% used [0x00000000ebf80000,0x00000000ec1b9928,0x00000000ec200000)
  to   space 2560K, 0% used [0x00000000ec200000,0x00000000ec200000,0x00000000ec480000)
 ParOldGen       total 68608K, used 36534K [0x00000000c0000000, 0x00000000c4300000, 0x00000000eab00000)
  object space 68608K, 53% used [0x00000000c0000000,0x00000000c23adbd0,0x00000000c4300000)
 Metaspace       used 49594K, committed 50752K, reserved 1114112K
  class space    used 5258K, committed 5760K, reserved 1048576K
}
Event: 18.622 GC heap after
{Heap after GC invocations=28 (full 2):
 PSYoungGen      total 22016K, used 606K [0x00000000eab00000, 0x00000000ec300000, 0x0000000100000000)
  eden space 20992K, 0% used [0x00000000eab00000,0x00000000eab00000,0x00000000ebf80000)
  from space 1024K, 59% used [0x00000000ec200000,0x00000000ec297b28,0x00000000ec300000)
  to   space 1536K, 0% used [0x00000000ec000000,0x00000000ec000000,0x00000000ec180000)
 ParOldGen       total 68608K, used 38249K [0x00000000c0000000, 0x00000000c4300000, 0x00000000eab00000)
  object space 68608K, 55% used [0x00000000c0000000,0x00000000c255a7f0,0x00000000c4300000)
 Metaspace       used 49594K, committed 50752K, reserved 1114112K
  class space    used 5258K, committed 5760K, reserved 1048576K
}
Event: 19.104 GC heap before
{Heap before GC invocations=29 (full 2):
 PSYoungGen      total 22016K, used 21571K [0x00000000eab00000, 0x00000000ec300000, 0x0000000100000000)
  eden space 20992K, 99% used [0x00000000eab00000,0x00000000ebf792f0,0x00000000ebf80000)
  from space 1024K, 59% used [0x00000000ec200000,0x00000000ec297b28,0x00000000ec300000)
  to   space 1536K, 0% used [0x00000000ec000000,0x00000000ec000000,0x00000000ec180000)
 ParOldGen       total 68608K, used 38249K [0x00000000c0000000, 0x00000000c4300000, 0x00000000eab00000)
  object space 68608K, 55% used [0x00000000c0000000,0x00000000c255a7f0,0x00000000c4300000)
 Metaspace       used 50866K, committed 52032K, reserved 1114112K
  class space    used 5383K, committed 5888K, reserved 1048576K
}
Event: 19.105 GC heap after
{Heap after GC invocations=29 (full 2):
 PSYoungGen      total 22016K, used 955K [0x00000000eab00000, 0x00000000ec280000, 0x0000000100000000)
  eden space 20992K, 0% used [0x00000000eab00000,0x00000000eab00000,0x00000000ebf80000)
  from space 1024K, 93% used [0x00000000ec000000,0x00000000ec0eed08,0x00000000ec100000)
  to   space 1536K, 0% used [0x00000000ec100000,0x00000000ec100000,0x00000000ec280000)
 ParOldGen       total 68608K, used 38281K [0x00000000c0000000, 0x00000000c4300000, 0x00000000eab00000)
  object space 68608K, 55% used [0x00000000c0000000,0x00000000c25627f0,0x00000000c4300000)
 Metaspace       used 50866K, committed 52032K, reserved 1114112K
  class space    used 5383K, committed 5888K, reserved 1048576K
}
Event: 19.866 GC heap before
{Heap before GC invocations=30 (full 2):
 PSYoungGen      total 22016K, used 21946K [0x00000000eab00000, 0x00000000ec280000, 0x0000000100000000)
  eden space 20992K, 99% used [0x00000000eab00000,0x00000000ebf7fe80,0x00000000ebf80000)
  from space 1024K, 93% used [0x00000000ec000000,0x00000000ec0eed08,0x00000000ec100000)
  to   space 1536K, 0% used [0x00000000ec100000,0x00000000ec100000,0x00000000ec280000)
 ParOldGen       total 68608K, used 38281K [0x00000000c0000000, 0x00000000c4300000, 0x00000000eab00000)
  object space 68608K, 55% used [0x00000000c0000000,0x00000000c25627f0,0x00000000c4300000)
 Metaspace       used 52982K, committed 54144K, reserved 1114112K
  class space    used 5603K, committed 6080K, reserved 1048576K
}
Event: 19.868 GC heap after
{Heap after GC invocations=30 (full 2):
 PSYoungGen      total 22016K, used 1487K [0x00000000eab00000, 0x00000000ec380000, 0x0000000100000000)
  eden space 20480K, 0% used [0x00000000eab00000,0x00000000eab00000,0x00000000ebf00000)
  from space 1536K, 96% used [0x00000000ec100000,0x00000000ec273f98,0x00000000ec280000)
  to   space 2048K, 0% used [0x00000000ebf00000,0x00000000ebf00000,0x00000000ec100000)
 ParOldGen       total 68608K, used 39142K [0x00000000c0000000, 0x00000000c4300000, 0x00000000eab00000)
  object space 68608K, 57% used [0x00000000c0000000,0x00000000c2639b48,0x00000000c4300000)
 Metaspace       used 52982K, committed 54144K, reserved 1114112K
  class space    used 5603K, committed 6080K, reserved 1048576K
}

Dll operation events (11 events):
Event: 0.032 Loaded shared library F:\Program Files\Java\jdk-21\bin\java.dll
Event: 0.084 Loaded shared library F:\Program Files\Java\jdk-21\bin\jsvml.dll
Event: 0.222 Loaded shared library F:\Program Files\Java\jdk-21\bin\zip.dll
Event: 0.229 Loaded shared library F:\Program Files\Java\jdk-21\bin\instrument.dll
Event: 0.247 Loaded shared library F:\Program Files\Java\jdk-21\bin\net.dll
Event: 0.250 Loaded shared library F:\Program Files\Java\jdk-21\bin\nio.dll
Event: 0.260 Loaded shared library F:\Program Files\Java\jdk-21\bin\zip.dll
Event: 0.308 Loaded shared library F:\Program Files\Java\jdk-21\bin\jimage.dll
Event: 0.474 Loaded shared library F:\Program Files\Java\jdk-21\bin\verify.dll
Event: 2.937 Loaded shared library C:\Users\ism_k\AppData\Roaming\Code\User\globalStorage\redhat.java\1.25.1\config_win\org.eclipse.equinox.launcher\org.eclipse.equinox.launcher.win32.win32.x86_64_1.2.800.v20231003-1442\eclipse_11802.dll
Event: 9.765 Loaded shared library C:\Users\ism_k\AppData\Local\Temp\jna-100503471\jna8123210572874439788.dll

Deoptimization events (20 events):
Event: 20.436 Thread 0x000001dc86a79730 Uncommon trap: trap_request=0xffffff76 fr.pc=0x000001dc35c346c4 relative=0x0000000000000ca4
Event: 20.436 Thread 0x000001dc86a79730 Uncommon trap: reason=predicate action=maybe_recompile pc=0x000001dc35c346c4 method=java.util.TimSort.binarySort([Ljava/lang/Object;IIILjava/util/Comparator;)V @ 34 c2
Event: 20.436 Thread 0x000001dc86a79730 DEOPT PACKING pc=0x000001dc35c346c4 sp=0x000000581b1fda30
Event: 20.436 Thread 0x000001dc86a79730 DEOPT UNPACKING pc=0x000001dc35453aa2 sp=0x000000581b1fd9f0 mode 2
Event: 20.485 Thread 0x000001dc86a79730 Uncommon trap: trap_request=0xffffff45 fr.pc=0x000001dc35b64e10 relative=0x0000000000000130
Event: 20.485 Thread 0x000001dc86a79730 Uncommon trap: reason=unstable_if action=reinterpret pc=0x000001dc35b64e10 method=java.util.HashMap.getNode(Ljava/lang/Object;)Ljava/util/HashMap$Node; @ 66 c2
Event: 20.485 Thread 0x000001dc86a79730 DEOPT PACKING pc=0x000001dc35b64e10 sp=0x000000581b1fccd0
Event: 20.485 Thread 0x000001dc86a79730 DEOPT UNPACKING pc=0x000001dc35453aa2 sp=0x000000581b1fcbe8 mode 2
Event: 20.485 Thread 0x000001dc86a79730 Uncommon trap: trap_request=0xffffffc6 fr.pc=0x000001dc359fef1c relative=0x00000000000007dc
Event: 20.485 Thread 0x000001dc86a79730 Uncommon trap: reason=bimorphic_or_optimized_type_check action=maybe_recompile pc=0x000001dc359fef1c method=java.util.HashMap.putVal(ILjava/lang/Object;Ljava/lang/Object;ZZ)Ljava/lang/Object; @ 203 c2
Event: 20.485 Thread 0x000001dc86a79730 DEOPT PACKING pc=0x000001dc359fef1c sp=0x000000581b1fca60
Event: 20.485 Thread 0x000001dc86a79730 DEOPT UNPACKING pc=0x000001dc35453aa2 sp=0x000000581b1fc968 mode 2
Event: 20.486 Thread 0x000001dc86a79730 Uncommon trap: trap_request=0xffffffc6 fr.pc=0x000001dc359fef1c relative=0x00000000000007dc
Event: 20.486 Thread 0x000001dc86a79730 Uncommon trap: reason=bimorphic_or_optimized_type_check action=maybe_recompile pc=0x000001dc359fef1c method=java.util.HashMap.putVal(ILjava/lang/Object;Ljava/lang/Object;ZZ)Ljava/lang/Object; @ 203 c2
Event: 20.486 Thread 0x000001dc86a79730 DEOPT PACKING pc=0x000001dc359fef1c sp=0x000000581b1fca60
Event: 20.486 Thread 0x000001dc86a79730 DEOPT UNPACKING pc=0x000001dc35453aa2 sp=0x000000581b1fc968 mode 2
Event: 20.495 Thread 0x000001dc86a79730 Uncommon trap: trap_request=0xffffffc6 fr.pc=0x000001dc35a1ee68 relative=0x0000000000000728
Event: 20.495 Thread 0x000001dc86a79730 Uncommon trap: reason=bimorphic_or_optimized_type_check action=maybe_recompile pc=0x000001dc35a1ee68 method=java.util.HashMap.putVal(ILjava/lang/Object;Ljava/lang/Object;ZZ)Ljava/lang/Object; @ 203 c2
Event: 20.495 Thread 0x000001dc86a79730 DEOPT PACKING pc=0x000001dc35a1ee68 sp=0x000000581b1fcbf0
Event: 20.495 Thread 0x000001dc86a79730 DEOPT UNPACKING pc=0x000001dc35453aa2 sp=0x000000581b1fcb90 mode 2

Classes loaded (20 events):
Event: 19.302 Loading class java/util/Collections$SynchronizedList done
Event: 19.302 Loading class java/util/Collections$SynchronizedRandomAccessList done
Event: 19.310 Loading class java/util/concurrent/CompletableFuture$Signaller
Event: 19.310 Loading class java/util/concurrent/CompletableFuture$Signaller done
Event: 19.480 Loading class java/util/Hashtable$ValueCollection
Event: 19.481 Loading class java/util/Hashtable$ValueCollection done
Event: 19.786 Loading class java/nio/charset/CharacterCodingException
Event: 19.786 Loading class java/nio/charset/CharacterCodingException done
Event: 19.786 Loading class java/io/SequenceInputStream
Event: 19.787 Loading class java/io/SequenceInputStream done
Event: 19.855 Loading class java/lang/UnsupportedClassVersionError
Event: 19.855 Loading class java/lang/UnsupportedClassVersionError done
Event: 19.857 Loading class java/io/PrintWriter$1
Event: 19.857 Loading class jdk/internal/access/JavaIOPrintWriterAccess
Event: 19.857 Loading class jdk/internal/access/JavaIOPrintWriterAccess done
Event: 19.857 Loading class java/io/PrintWriter$1 done
Event: 20.180 Loading class java/util/stream/ReduceOps$4
Event: 20.180 Loading class java/util/stream/ReduceOps$4 done
Event: 20.207 Loading class java/util/stream/ReduceOps$4ReducingSink
Event: 20.207 Loading class java/util/stream/ReduceOps$4ReducingSink done

Classes unloaded (7 events):
Event: 6.396 Thread 0x000001dc80109870 Unloading class 0x000001dc4018d000 'java/lang/invoke/LambdaForm$MH+0x000001dc4018d000'
Event: 6.396 Thread 0x000001dc80109870 Unloading class 0x000001dc4018cc00 'java/lang/invoke/LambdaForm$MH+0x000001dc4018cc00'
Event: 6.396 Thread 0x000001dc80109870 Unloading class 0x000001dc4018c800 'java/lang/invoke/LambdaForm$MH+0x000001dc4018c800'
Event: 6.396 Thread 0x000001dc80109870 Unloading class 0x000001dc4018c400 'java/lang/invoke/LambdaForm$MH+0x000001dc4018c400'
Event: 6.396 Thread 0x000001dc80109870 Unloading class 0x000001dc4018c000 'java/lang/invoke/LambdaForm$BMH+0x000001dc4018c000'
Event: 6.396 Thread 0x000001dc80109870 Unloading class 0x000001dc4018bc00 'java/lang/invoke/LambdaForm$DMH+0x000001dc4018bc00'
Event: 6.396 Thread 0x000001dc80109870 Unloading class 0x000001dc4018a800 'java/lang/invoke/LambdaForm$DMH+0x000001dc4018a800'

Classes redefined (0 events):
No events

Internal exceptions (20 events):
Event: 13.952 Thread 0x000001dc864086f0 Exception <a 'java/lang/NoSuchMethodError'{0x00000000eb4936c0}: 'int java.lang.invoke.DirectMethodHandle$Holder.invokeSpecialIFC(java.lang.Object, java.lang.Object, java.lang.Object, java.lang.Object)'> (0x00000000eb4936c0) 
thrown [s\open\src\hotspot\share\interpreter\linkResolver.cpp, line 773]
Event: 14.242 Thread 0x000001dc8640a7c0 Exception <a 'java/lang/NoSuchMethodError'{0x00000000eb8fd1a0}: 'int java.lang.invoke.DirectMethodHandle$Holder.invokeInterface(java.lang.Object, java.lang.Object)'> (0x00000000eb8fd1a0) 
thrown [s\open\src\hotspot\share\interpreter\linkResolver.cpp, line 773]
Event: 14.242 Thread 0x000001dc8640a7c0 Exception <a 'java/lang/IncompatibleClassChangeError'{0x00000000eb9001a0}: Found class java.lang.Object, but interface was expected> (0x00000000eb9001a0) 
thrown [s\open\src\hotspot\share\interpreter\linkResolver.cpp, line 840]
Event: 14.309 Thread 0x000001dc86a79730 Exception <a 'java/lang/IncompatibleClassChangeError'{0x00000000eb9c4fd0}: Found class java.lang.Object, but interface was expected> (0x00000000eb9c4fd0) 
thrown [s\open\src\hotspot\share\interpreter\linkResolver.cpp, line 840]
Event: 16.172 Thread 0x000001dc8640a7c0 Exception <a 'sun/nio/fs/WindowsException'{0x00000000eb24c8c0}> (0x00000000eb24c8c0) 
thrown [s\open\src\hotspot\share\prims\jni.cpp, line 520]
Event: 16.172 Thread 0x000001dc8640a7c0 Exception <a 'sun/nio/fs/WindowsException'{0x00000000eb24ce80}> (0x00000000eb24ce80) 
thrown [s\open\src\hotspot\share\prims\jni.cpp, line 520]
Event: 16.172 Thread 0x000001dc8640a7c0 Exception <a 'sun/nio/fs/WindowsException'{0x00000000eb24d440}> (0x00000000eb24d440) 
thrown [s\open\src\hotspot\share\prims\jni.cpp, line 520]
Event: 16.172 Thread 0x000001dc8640a7c0 Exception <a 'sun/nio/fs/WindowsException'{0x00000000eb24da18}> (0x00000000eb24da18) 
thrown [s\open\src\hotspot\share\prims\jni.cpp, line 520]
Event: 16.175 Thread 0x000001dc8640a7c0 Exception <a 'sun/nio/fs/WindowsException'{0x00000000eb2549b0}> (0x00000000eb2549b0) 
thrown [s\open\src\hotspot\share\prims\jni.cpp, line 520]
Event: 16.178 Thread 0x000001dc8640a7c0 Exception <a 'sun/nio/fs/WindowsException'{0x00000000eb25b570}> (0x00000000eb25b570) 
thrown [s\open\src\hotspot\share\prims\jni.cpp, line 520]
Event: 19.133 Thread 0x000001dc8640a7c0 Exception <a 'sun/nio/fs/WindowsException'{0x00000000eab23df0}> (0x00000000eab23df0) 
thrown [s\open\src\hotspot\share\prims\jni.cpp, line 520]
Event: 19.143 Thread 0x000001dc8640a7c0 Exception <a 'sun/nio/fs/WindowsException'{0x00000000eab396d8}> (0x00000000eab396d8) 
thrown [s\open\src\hotspot\share\prims\jni.cpp, line 520]
Event: 19.619 Thread 0x000001dc86409410 Implicit null exception at 0x000001dc35ca995a to 0x000001dc35ca9a58
Event: 19.818 Thread 0x000001dc86a79730 Exception <a 'java/io/FileNotFoundException'{0x00000000ebe85b48}> (0x00000000ebe85b48) 
thrown [s\open\src\hotspot\share\prims\jni.cpp, line 520]
Event: 19.923 Thread 0x000001dc86a79730 Exception <a 'java/lang/NoSuchMethodError'{0x00000000eac8c690}: 'int java.lang.invoke.Invokers$Holder.invokeExact_MT(java.lang.Object, java.lang.Object)'> (0x00000000eac8c690) 
thrown [s\open\src\hotspot\share\interpreter\linkResolver.cpp, line 773]
Event: 20.167 Thread 0x000001dc86a7b170 Exception <a 'sun/nio/fs/WindowsException'{0x00000000eb3f9338}> (0x00000000eb3f9338) 
thrown [s\open\src\hotspot\share\prims\jni.cpp, line 520]
Event: 20.167 Thread 0x000001dc86a7b170 Exception <a 'sun/nio/fs/WindowsException'{0x00000000eb3f96f0}> (0x00000000eb3f96f0) 
thrown [s\open\src\hotspot\share\prims\jni.cpp, line 520]
Event: 20.180 Thread 0x000001dc86a79730 Exception <a 'java/lang/NoSuchMethodError'{0x00000000eb4243e8}: 'int java.lang.invoke.DirectMethodHandle$Holder.invokeVirtual(java.lang.Object, java.lang.Object, java.lang.Object)'> (0x00000000eb4243e8) 
thrown [s\open\src\hotspot\share\interpreter\linkResolver.cpp, line 773]
Event: 20.271 Thread 0x000001dc86a7b170 Exception <a 'java/lang/NoSuchMethodError'{0x00000000eb5955b8}: 'java.lang.Object java.lang.invoke.DirectMethodHandle$Holder.invokeSpecial(java.lang.Object, java.lang.Object, int, long)'> (0x00000000eb5955b8) 
thrown [s\open\src\hotspot\share\interpreter\linkResolver.cpp, line 773]
Event: 20.294 Thread 0x000001dc86a79730 Exception <a 'java/io/FileNotFoundException'{0x00000000eb65e728}> (0x00000000eb65e728) 
thrown [s\open\src\hotspot\share\prims\jni.cpp, line 520]

ZGC Phase Switch (0 events):
No events

VM Operations (20 events):
Event: 18.620 Executing VM operation: ParallelGCFailedAllocation (Allocation Failure)
Event: 18.819 Executing VM operation: ParallelGCFailedAllocation (Allocation Failure) done
Event: 18.882 Executing VM operation: HandshakeAllThreads (Deoptimize)
Event: 18.882 Executing VM operation: HandshakeAllThreads (Deoptimize) done
Event: 19.055 Executing VM operation: HandshakeAllThreads (Deoptimize)
Event: 19.055 Executing VM operation: HandshakeAllThreads (Deoptimize) done
Event: 19.104 Executing VM operation: ParallelGCFailedAllocation (Allocation Failure)
Event: 19.105 Executing VM operation: ParallelGCFailedAllocation (Allocation Failure) done
Event: 19.266 Executing VM operation: HandshakeAllThreads (Deoptimize)
Event: 19.292 Executing VM operation: HandshakeAllThreads (Deoptimize) done
Event: 19.293 Executing VM operation: HandshakeAllThreads (Deoptimize)
Event: 19.296 Executing VM operation: HandshakeAllThreads (Deoptimize) done
Event: 19.469 Executing VM operation: HandshakeAllThreads (Deoptimize)
Event: 19.471 Executing VM operation: HandshakeAllThreads (Deoptimize) done
Event: 19.862 Executing VM operation: ParallelGCFailedAllocation (Allocation Failure)
Event: 19.868 Executing VM operation: ParallelGCFailedAllocation (Allocation Failure) done
Event: 20.181 Executing VM operation: HandshakeAllThreads (Deoptimize)
Event: 20.207 Executing VM operation: HandshakeAllThreads (Deoptimize) done
Event: 20.215 Executing VM operation: HandshakeAllThreads (Deoptimize)
Event: 20.218 Executing VM operation: HandshakeAllThreads (Deoptimize) done

Events (20 events):
Event: 10.479 Thread 0x000001dc80109870 flushing nmethod 0x000001dc359cf310
Event: 10.479 Thread 0x000001dc80109870 flushing nmethod 0x000001dc359cba90
Event: 10.479 Thread 0x000001dc80109870 flushing nmethod 0x000001dc359cb490
Event: 10.479 Thread 0x000001dc80109870 flushing nmethod 0x000001dc359c5610
Event: 10.479 Thread 0x000001dc80109870 flushing nmethod 0x000001dc359c4c10
Event: 10.479 Thread 0x000001dc80109870 flushing nmethod 0x000001dc359c1f10
Event: 10.479 Thread 0x000001dc80109870 flushing nmethod 0x000001dc359c1b90
Event: 10.479 Thread 0x000001dc80109870 flushing nmethod 0x000001dc359c0790
Event: 10.479 Thread 0x000001dc80109870 flushing nmethod 0x000001dc359b5890
Event: 10.479 Thread 0x000001dc80109870 flushing nmethod 0x000001dc359b0410
Event: 10.479 Thread 0x000001dc80109870 flushing nmethod 0x000001dc359aef10
Event: 10.479 Thread 0x000001dc80109870 flushing nmethod 0x000001dc359a9b10
Event: 10.620 Thread 0x000001dc8640b4e0 Thread added: 0x000001dc8640b4e0
Event: 11.169 Thread 0x000001dc852bf710 Thread exited: 0x000001dc852bf710
Event: 11.556 Thread 0x000001dc8640a130 Thread added: 0x000001dc8640a130
Event: 11.558 Thread 0x000001dc86a790a0 Thread added: 0x000001dc86a790a0
Event: 11.558 Thread 0x000001dc86a79730 Thread added: 0x000001dc86a79730
Event: 11.581 Thread 0x000001dc86a7b170 Thread added: 0x000001dc86a7b170
Event: 18.026 Thread 0x000001dc86fa8ab0 Thread exited: 0x000001dc86fa8ab0
Event: 18.404 Thread 0x000001dc91729030 Thread added: 0x000001dc91729030


Dynamic libraries:
0x00007ff72add0000 - 0x00007ff72ade0000 	F:\Program Files\Java\jdk-21\bin\java.exe
0x00007ff931a30000 - 0x00007ff931c28000 	C:\WINDOWS\SYSTEM32\ntdll.dll
0x00007ff9302c0000 - 0x00007ff93037d000 	C:\WINDOWS\System32\KERNEL32.DLL
0x00007ff92f760000 - 0x00007ff92fa56000 	C:\WINDOWS\System32\KERNELBASE.dll
0x00007ff92f2d0000 - 0x00007ff92f3d0000 	C:\WINDOWS\System32\ucrtbase.dll
0x00007ff91d3c0000 - 0x00007ff91d3d9000 	F:\Program Files\Java\jdk-21\bin\jli.dll
0x00007ff930b80000 - 0x00007ff930c2f000 	C:\WINDOWS\System32\ADVAPI32.dll
0x00007ff930740000 - 0x00007ff9307de000 	C:\WINDOWS\System32\msvcrt.dll
0x00007ff930cf0000 - 0x00007ff930d8c000 	C:\WINDOWS\System32\sechost.dll
0x00007ff9316d0000 - 0x00007ff9317f6000 	C:\WINDOWS\System32\RPCRT4.dll
0x00007ff930930000 - 0x00007ff930ace000 	C:\WINDOWS\System32\USER32.dll
0x00007ff92f2a0000 - 0x00007ff92f2c2000 	C:\WINDOWS\System32\win32u.dll
0x00007ff9307e0000 - 0x00007ff93080c000 	C:\WINDOWS\System32\GDI32.dll
0x00007ff92f3d0000 - 0x00007ff92f4ea000 	C:\WINDOWS\System32\gdi32full.dll
0x00007ff91d3a0000 - 0x00007ff91d3bb000 	F:\Program Files\Java\jdk-21\bin\VCRUNTIME140.dll
0x00007ff92f560000 - 0x00007ff92f5fd000 	C:\WINDOWS\System32\msvcp_win.dll
0x00007ff91e230000 - 0x00007ff91e4ca000 	C:\WINDOWS\WinSxS\amd64_microsoft.windows.common-controls_6595b64144ccf1df_6.0.19041.3636_none_60b6a03d71f818d5\COMCTL32.dll
0x00007ff926050000 - 0x00007ff92605a000 	C:\WINDOWS\SYSTEM32\VERSION.dll
0x00007ff930900000 - 0x00007ff930930000 	C:\WINDOWS\System32\IMM32.DLL
0x00007ff929720000 - 0x00007ff92972c000 	F:\Program Files\Java\jdk-21\bin\vcruntime140_1.dll
0x00007ff909480000 - 0x00007ff90950e000 	F:\Program Files\Java\jdk-21\bin\msvcp140.dll
0x00007ff8dae00000 - 0x00007ff8dbb15000 	F:\Program Files\Java\jdk-21\bin\server\jvm.dll
0x00007ff931980000 - 0x00007ff9319eb000 	C:\WINDOWS\System32\WS2_32.dll
0x00007ff92e680000 - 0x00007ff92e6cb000 	C:\WINDOWS\SYSTEM32\POWRPROF.dll
0x00007ff91de30000 - 0x00007ff91de57000 	C:\WINDOWS\SYSTEM32\WINMM.dll
0x00007ff92e4f0000 - 0x00007ff92e502000 	C:\WINDOWS\SYSTEM32\UMPDC.dll
0x00007ff92d950000 - 0x00007ff92d962000 	C:\WINDOWS\SYSTEM32\kernel.appcore.dll
0x00007ff9288a0000 - 0x00007ff9288aa000 	F:\Program Files\Java\jdk-21\bin\jimage.dll
0x00007ff9151e0000 - 0x00007ff9153c4000 	C:\WINDOWS\SYSTEM32\DBGHELP.DLL
0x00007ff9151a0000 - 0x00007ff9151d4000 	C:\WINDOWS\SYSTEM32\dbgcore.DLL
0x00007ff92f160000 - 0x00007ff92f1e2000 	C:\WINDOWS\System32\bcryptPrimitives.dll
0x00007ff9287f0000 - 0x00007ff9287ff000 	F:\Program Files\Java\jdk-21\bin\instrument.dll
0x00007ff91d380000 - 0x00007ff91d39f000 	F:\Program Files\Java\jdk-21\bin\java.dll
0x00007ff930e50000 - 0x00007ff931594000 	C:\WINDOWS\System32\SHELL32.dll
0x00007ff92cbe0000 - 0x00007ff92d37b000 	C:\WINDOWS\SYSTEM32\windows.storage.dll
0x00007ff92fa90000 - 0x00007ff92fde4000 	C:\WINDOWS\System32\combase.dll
0x00007ff92ea70000 - 0x00007ff92ea9d000 	C:\WINDOWS\SYSTEM32\Wldp.dll
0x00007ff930ad0000 - 0x00007ff930b7d000 	C:\WINDOWS\System32\SHCORE.dll
0x00007ff931800000 - 0x00007ff931855000 	C:\WINDOWS\System32\shlwapi.dll
0x00007ff92f040000 - 0x00007ff92f065000 	C:\WINDOWS\SYSTEM32\profapi.dll
0x00007ff9093a0000 - 0x00007ff909477000 	F:\Program Files\Java\jdk-21\bin\jsvml.dll
0x00007ff91d360000 - 0x00007ff91d378000 	F:\Program Files\Java\jdk-21\bin\zip.dll
0x00007ff9281b0000 - 0x00007ff9281c0000 	F:\Program Files\Java\jdk-21\bin\net.dll
0x00007ff9271a0000 - 0x00007ff9272aa000 	C:\WINDOWS\SYSTEM32\WINHTTP.dll
0x00007ff92e850000 - 0x00007ff92e8ba000 	C:\WINDOWS\system32\mswsock.dll
0x00007ff91d340000 - 0x00007ff91d356000 	F:\Program Files\Java\jdk-21\bin\nio.dll
0x00007ff91fd70000 - 0x00007ff91fd80000 	F:\Program Files\Java\jdk-21\bin\verify.dll
0x00007ff926a70000 - 0x00007ff926aae000 	C:\Users\ism_k\AppData\Roaming\Code\User\globalStorage\redhat.java\1.25.1\config_win\org.eclipse.equinox.launcher\org.eclipse.equinox.launcher.win32.win32.x86_64_1.2.800.v20231003-1442\eclipse_11802.dll
0x00007ff930610000 - 0x00007ff93073b000 	C:\WINDOWS\System32\ole32.dll
0x00007ff92edb0000 - 0x00007ff92edc8000 	C:\WINDOWS\SYSTEM32\CRYPTSP.dll
0x00007ff92e130000 - 0x00007ff92e164000 	C:\WINDOWS\system32\rsaenh.dll
0x00007ff92fa60000 - 0x00007ff92fa87000 	C:\WINDOWS\System32\bcrypt.dll
0x00007ff92f000000 - 0x00007ff92f02e000 	C:\WINDOWS\SYSTEM32\USERENV.dll
0x00007ff92e9e0000 - 0x00007ff92e9ec000 	C:\WINDOWS\SYSTEM32\CRYPTBASE.dll
0x00007ff92e510000 - 0x00007ff92e54b000 	C:\WINDOWS\SYSTEM32\IPHLPAPI.DLL
0x00007ff930810000 - 0x00007ff930818000 	C:\WINDOWS\System32\NSI.dll
0x00007ff914ce0000 - 0x00007ff914d25000 	C:\Users\ism_k\AppData\Local\Temp\jna-100503471\jna8123210572874439788.dll
0x00007ff930c30000 - 0x00007ff930c38000 	C:\WINDOWS\System32\PSAPI.DLL
0x00007ff928ba0000 - 0x00007ff928bb7000 	C:\WINDOWS\SYSTEM32\dhcpcsvc6.DLL
0x00007ff928190000 - 0x00007ff9281ad000 	C:\WINDOWS\SYSTEM32\dhcpcsvc.DLL

dbghelp: loaded successfully - version: 4.0.5 - missing functions: none
symbol engine: initialized successfully - sym options: 0x614 - pdb path: .;F:\Program Files\Java\jdk-21\bin;C:\WINDOWS\SYSTEM32;C:\WINDOWS\WinSxS\amd64_microsoft.windows.common-controls_6595b64144ccf1df_6.0.19041.3636_none_60b6a03d71f818d5;F:\Program Files\Java\jdk-21\bin\server;C:\Users\ism_k\AppData\Roaming\Code\User\globalStorage\redhat.java\1.25.1\config_win\org.eclipse.equinox.launcher\org.eclipse.equinox.launcher.win32.win32.x86_64_1.2.800.v20231003-1442;C:\Users\ism_k\AppData\Local\Temp\jna-100503471

VM Arguments:
jvm_args: --add-modules=ALL-SYSTEM --add-opens=java.base/java.util=ALL-UNNAMED --add-opens=java.base/java.lang=ALL-UNNAMED --add-opens=java.base/sun.nio.fs=ALL-UNNAMED -Declipse.application=org.eclipse.jdt.ls.core.id1 -Dosgi.bundles.defaultStartLevel=4 -Declipse.product=org.eclipse.jdt.ls.core.product -Djava.import.generatesMetadataFilesAtProjectRoot=false -DDetectVMInstallationsJob.disabled=true -Dfile.encoding=utf8 -XX:+UseParallelGC -XX:GCTimeRatio=4 -XX:AdaptiveSizePolicyWeight=90 -Dsun.zip.disableMemoryMapping=true -Xmx1G -Xms100m -Xlog:disable -javaagent:c:\Users\ism_k\.vscode\extensions\redhat.java-1.25.1-win32-x64\lombok\lombok-1.18.30.jar -XX:+HeapDumpOnOutOfMemoryError -XX:HeapDumpPath=c:\Users\ism_k\AppData\Roaming\Code\User\workspaceStorage\9133d1f1a03723552b961ef2503b61f6\redhat.java -Daether.dependencyCollector.impl=bf 
java_command: c:\Users\ism_k\.vscode\extensions\redhat.java-1.25.1-win32-x64\server\plugins\org.eclipse.equinox.launcher_1.6.600.v20231106-1826.jar -configuration c:\Users\ism_k\AppData\Roaming\Code\User\globalStorage\redhat.java\1.25.1\config_win -data c:\Users\ism_k\AppData\Roaming\Code\User\workspaceStorage\9133d1f1a03723552b961ef2503b61f6\redhat.java\jdt_ws --stdio
java_class_path (initial): c:\Users\ism_k\.vscode\extensions\redhat.java-1.25.1-win32-x64\server\plugins\org.eclipse.equinox.launcher_1.6.600.v20231106-1826.jar
Launcher Type: SUN_STANDARD

[Global flags]
    uintx AdaptiveSizePolicyWeight                 = 90                                        {product} {command line}
     intx CICompilerCount                          = 3                                         {product} {ergonomic}
    uintx GCTimeRatio                              = 4                                         {product} {command line}
     bool HeapDumpOnOutOfMemoryError               = true                                   {manageable} {command line}
    ccstr HeapDumpPath                             = c:\Users\ism_k\AppData\Roaming\Code\User\workspaceStorage\9133d1f1a03723552b961ef2503b61f6\redhat.java         {manageable} {command line}
   size_t InitialHeapSize                          = 104857600                                 {product} {command line}
   size_t MaxHeapSize                              = 1073741824                                {product} {command line}
   size_t MaxNewSize                               = 357564416                                 {product} {ergonomic}
   size_t MinHeapDeltaBytes                        = 524288                                    {product} {ergonomic}
   size_t MinHeapSize                              = 104857600                                 {product} {command line}
   size_t NewSize                                  = 34603008                                  {product} {ergonomic}
    uintx NonNMethodCodeHeapSize                   = 5832780                                {pd product} {ergonomic}
    uintx NonProfiledCodeHeapSize                  = 122912730                              {pd product} {ergonomic}
   size_t OldSize                                  = 70254592                                  {product} {ergonomic}
    uintx ProfiledCodeHeapSize                     = 122912730                              {pd product} {ergonomic}
    uintx ReservedCodeCacheSize                    = 251658240                              {pd product} {ergonomic}
     bool SegmentedCodeCache                       = true                                      {product} {ergonomic}
   size_t SoftMaxHeapSize                          = 1073741824                             {manageable} {ergonomic}
     bool UseCompressedOops                        = true                           {product lp64_product} {ergonomic}
     bool UseLargePagesIndividualAllocation        = false                                  {pd product} {ergonomic}
     bool UseParallelGC                            = true                                      {product} {command line}

Logging:
Log output configuration:
 #0: stdout all=off uptime,level,tags foldmultilines=false
 #1: stderr all=off uptime,level,tags foldmultilines=false

Environment Variables:
JAVA_HOME=C:\Users\ism_k\AppData\Local\Programs\Eclipse Adoptium\jdk-17.0.9.9-hotspot\
PATH=C:\Program Files\Common Files\Oracle\Java\javapath;C:\Program Files\ImageMagick-7.1.1-Q16-HDRI;C:\WINDOWS\system32;C:\WINDOWS;C:\WINDOWS\System32\Wbem;C:\WINDOWS\System32\WindowsPowerShell\v1.0\;C:\WINDOWS\System32\OpenSSH\;C:\xampp\php;C:\Program Files\Git\cmd;C:\Program Files (x86)\Common Files\Intel\Shared Files\cpp\bin\Intel64;C:\Program Files (x86)\Calibre2\;C:\HashiCorp\Vagrant\bin;C:\Program Files\PuTTY\;C:\ProgramData\ComposerSetup\bin;C:\Program Files\nodejs\;C:\Program Files\FFmpeg\bin;C:\Users\ism_k\AppData\Local\Programs\Eclipse Adoptium\jdk-17.0.9.9-hotspot\bin;C:\Users\ism_k\AppData\Local\Microsoft\WindowsApps;C:\Users\ism_k\AppData\Roaming\Composer\vendor\bin;C:\Users\ism_k\AppData\Roaming\npm;C:\Users\ism_k\AppData\Local\Programs\Microsoft VS Code\bin
USERNAME=ism_k
OS=Windows_NT
PROCESSOR_IDENTIFIER=Intel64 Family 6 Model 61 Stepping 4, GenuineIntel
TMP=C:\Users\ism_k\AppData\Local\Temp
TEMP=C:\Users\ism_k\AppData\Local\Temp




Periodic native trim disabled

---------------  S Y S T E M  ---------------

OS:
 Windows 10 , 64 bit Build 19041 (10.0.19041.3636)
OS uptime: 0 days 0:02 hours
Hyper-V role detected

CPU: total 4 (initial active 4) (2 cores per cpu, 2 threads per core) family 6 model 61 stepping 4 microcode 0x2f, cx8, cmov, fxsr, ht, mmx, 3dnowpref, sse, sse2, sse3, ssse3, sse4.1, sse4.2, popcnt, lzcnt, tsc, tscinvbit, avx, avx2, aes, erms, clmul, bmi1, bmi2, rtm, adx, fma, vzeroupper, clflush, hv, rdtscp, f16c
Processor Information for all 4 processors :
  Max Mhz: 2601, Current Mhz: 2601, Mhz Limit: 2601

Memory: 4k page, system-wide physical 14987M (11194M free)
TotalPageFile size 17291M (AvailPageFile size 13449M)
current process WorkingSet (physical memory assigned to process): 248M, peak: 254M
current process commit charge ("private bytes"): 307M, peak: 314M

vm_info: Java HotSpot(TM) 64-Bit Server VM (21.0.1+12-LTS-29) for windows-amd64 JRE (21.0.1+12-LTS-29), built on 2023-10-05T13:27:09Z by "mach5one" with MS VC++ 17.1 (VS2022)

END.
